INFO 28-05-2018 15:39:35 || Launcher.main() : START
INFO 28-05-2018 15:39:35 || Launcher.main() : Starting Console Mode
INFO 28-05-2018 15:39:37 || ProxyBot.invoke() : getEntityAt || [Ljava.lang.Object;@3ecafbc
INFO 28-05-2018 15:39:37 || ProxyBot.invoke() : move || [Ljava.lang.Object;@27efad4c
INFO 28-05-2018 15:39:37 || ProxyBot.invoke() : getEntityAt || [Ljava.lang.Object;@7bda2353
INFO 28-05-2018 15:39:37 || ProxyBot.invoke() : move || [Ljava.lang.Object;@761c804c
INFO 28-05-2018 15:39:37 || ProxyBot.invoke() : getEntityAt || [Ljava.lang.Object;@106b507c
INFO 28-05-2018 15:39:37 || ProxyBot.invoke() : move || [Ljava.lang.Object;@4ab40af0
INFO 28-05-2018 15:39:37 || ProxyBot.invoke() : getEntityAt || [Ljava.lang.Object;@60de684e
INFO 28-05-2018 15:39:37 || ProxyBot.invoke() : move || [Ljava.lang.Object;@72529af9
INFO 28-05-2018 15:39:37 || ProxyBot.invoke() : getEntityAt || [Ljava.lang.Object;@3870dc7f
INFO 28-05-2018 15:39:37 || ProxyBot.invoke() : move || [Ljava.lang.Object;@52f9b20b
INFO 28-05-2018 15:39:38 || ProxyBot.invoke() : getEntityAt || [Ljava.lang.Object;@41f63c02
INFO 28-05-2018 15:39:38 || ProxyBot.invoke() : move || [Ljava.lang.Object;@2715f397
INFO 28-05-2018 15:39:38 || ProxyBot.invoke() : getEntityAt || [Ljava.lang.Object;@1938502e
INFO 28-05-2018 15:39:38 || ProxyBot.invoke() : move || [Ljava.lang.Object;@6ced0e8
INFO 28-05-2018 15:39:38 || ProxyBot.invoke() : getEntityAt || [Ljava.lang.Object;@76a8fa1f
INFO 28-05-2018 15:39:38 || ProxyBot.invoke() : move || [Ljava.lang.Object;@7e292616
INFO 28-05-2018 15:39:38 || ProxyBot.invoke() : getEntityAt || [Ljava.lang.Object;@254ba0dd
INFO 28-05-2018 15:39:38 || ProxyBot.invoke() : move || [Ljava.lang.Object;@55f27d0c
INFO 28-05-2018 15:39:38 || ProxyBot.invoke() : getEntityAt || [Ljava.lang.Object;@643b1daf
INFO 28-05-2018 15:39:38 || ProxyBot.invoke() : move || [Ljava.lang.Object;@53959ea8
INFO 28-05-2018 15:39:39 || ProxyBot.invoke() : getEntityAt || [Ljava.lang.Object;@2ba0814f
INFO 28-05-2018 15:39:39 || ProxyBot.invoke() : move || [Ljava.lang.Object;@6dfc932a
INFO 28-05-2018 15:39:39 || ProxyBot.invoke() : getEntityAt || [Ljava.lang.Object;@51963d5f
INFO 28-05-2018 15:39:39 || ProxyBot.invoke() : move || [Ljava.lang.Object;@2e89891b
INFO 28-05-2018 15:39:39 || ProxyBot.invoke() : getEntityAt || [Ljava.lang.Object;@18cdf7c
INFO 28-05-2018 15:39:39 || ProxyBot.invoke() : move || [Ljava.lang.Object;@8e069a4
INFO 28-05-2018 15:39:39 || ProxyBot.invoke() : getEntityAt || [Ljava.lang.Object;@687cc122
INFO 28-05-2018 15:39:39 || ProxyBot.invoke() : move || [Ljava.lang.Object;@adf5c67
INFO 28-05-2018 15:39:40 || ProxyBot.invoke() : getEntityAt || [Ljava.lang.Object;@6d4f157f
INFO 28-05-2018 15:39:40 || ProxyBot.invoke() : move || [Ljava.lang.Object;@6669ec3b
INFO 28-05-2018 15:39:40 || ProxyBot.invoke() : getEntityAt || [Ljava.lang.Object;@d2f0b8d
INFO 28-05-2018 15:39:40 || ProxyBot.invoke() : move || [Ljava.lang.Object;@240e2627
INFO 28-05-2018 15:39:40 || ProxyBot.invoke() : getEntityAt || [Ljava.lang.Object;@5ec6eccf
INFO 28-05-2018 15:39:40 || ProxyBot.invoke() : move || [Ljava.lang.Object;@367800a2
INFO 28-05-2018 15:39:40 || ProxyBot.invoke() : getEntityAt || [Ljava.lang.Object;@43fe1683
INFO 28-05-2018 15:39:40 || ProxyBot.invoke() : move || [Ljava.lang.Object;@16142fc5
SEVERE 28-05-2018 15:39:40 || ConsoleUI.getCommand() : No such command!
INFO 28-05-2018 15:39:40 || ProxyBot.invoke() : getEntityAt || [Ljava.lang.Object;@7f5d195c
INFO 28-05-2018 15:39:40 || ProxyBot.invoke() : move || [Ljava.lang.Object;@9d66b05
INFO 28-05-2018 15:39:41 || ProxyBot.invoke() : getEntityAt || [Ljava.lang.Object;@3aaf2eb2
INFO 28-05-2018 15:39:41 || ProxyBot.invoke() : move || [Ljava.lang.Object;@d724425
SEVERE 28-05-2018 15:39:41 || ConsoleUI.getCommand() : No such command!
INFO 28-05-2018 15:39:41 || ProxyBot.invoke() : getEntityAt || [Ljava.lang.Object;@1af23b2e
INFO 28-05-2018 15:39:41 || ProxyBot.invoke() : move || [Ljava.lang.Object;@20c6e536
INFO 28-05-2018 15:39:41 || ProxyBot.invoke() : getEntityAt || [Ljava.lang.Object;@635f8522
INFO 28-05-2018 15:39:41 || ProxyBot.invoke() : move || [Ljava.lang.Object;@7c13b600
INFO 28-05-2018 15:39:41 || ProxyBot.invoke() : getEntityAt || [Ljava.lang.Object;@7733d9e7
INFO 28-05-2018 15:39:41 || ProxyBot.invoke() : move || [Ljava.lang.Object;@60cb6d62
SEVERE 28-05-2018 15:39:41 || ConsoleUI.getCommand() : No such command!
INFO 28-05-2018 15:39:41 || ProxyBot.invoke() : getEntityAt || [Ljava.lang.Object;@7f2282cc
INFO 28-05-2018 15:39:41 || ProxyBot.invoke() : move || [Ljava.lang.Object;@1e60889e
INFO 28-05-2018 15:39:42 || ProxyBot.invoke() : getEntityAt || [Ljava.lang.Object;@77759654
INFO 28-05-2018 15:39:42 || ProxyBot.invoke() : move || [Ljava.lang.Object;@4cee55a5
INFO 28-05-2018 15:39:42 || ProxyBot.invoke() : getEntityAt || [Ljava.lang.Object;@27319a16
INFO 28-05-2018 15:39:42 || ProxyBot.invoke() : move || [Ljava.lang.Object;@3d0fc216
INFO 28-05-2018 15:39:42 || ProxyBot.invoke() : getEntityAt || [Ljava.lang.Object;@669334d5
INFO 28-05-2018 15:39:42 || ProxyBot.invoke() : move || [Ljava.lang.Object;@586e06df
INFO 28-05-2018 15:39:42 || ProxyBot.invoke() : getEntityAt || [Ljava.lang.Object;@7324d6ee
INFO 28-05-2018 15:39:42 || ProxyBot.invoke() : move || [Ljava.lang.Object;@3078b5ee
INFO 28-05-2018 15:39:42 || ProxyBot.invoke() : getEntityAt || [Ljava.lang.Object;@4fb21aa8
INFO 28-05-2018 15:39:42 || ProxyBot.invoke() : move || [Ljava.lang.Object;@6742a57f
INFO 28-05-2018 15:39:43 || ProxyBot.invoke() : getEntityAt || [Ljava.lang.Object;@32849cdf
INFO 28-05-2018 15:39:43 || ProxyBot.invoke() : move || [Ljava.lang.Object;@47a688a4
INFO 28-05-2018 15:39:43 || ProxyBot.invoke() : getEntityAt || [Ljava.lang.Object;@189eada2
INFO 28-05-2018 15:39:43 || ProxyBot.invoke() : move || [Ljava.lang.Object;@6a858a93
INFO 28-05-2018 15:39:43 || ProxyBot.invoke() : getEntityAt || [Ljava.lang.Object;@7cf19178
INFO 28-05-2018 15:39:43 || ProxyBot.invoke() : move || [Ljava.lang.Object;@fe1c5ea
INFO 28-05-2018 15:39:43 || ProxyBot.invoke() : getEntityAt || [Ljava.lang.Object;@627f8a09
INFO 28-05-2018 15:39:43 || ProxyBot.invoke() : move || [Ljava.lang.Object;@246845c7
INFO 28-05-2018 15:39:43 || ProxyBot.invoke() : getEntityAt || [Ljava.lang.Object;@54627a63
INFO 28-05-2018 15:39:43 || ProxyBot.invoke() : move || [Ljava.lang.Object;@55ad3b90
INFO 28-05-2018 15:39:44 || ProxyBot.invoke() : getEntityAt || [Ljava.lang.Object;@4b1cccee
INFO 28-05-2018 15:39:44 || ProxyBot.invoke() : move || [Ljava.lang.Object;@2dbcfe37
INFO 28-05-2018 15:39:44 || ProxyBot.invoke() : getEntityAt || [Ljava.lang.Object;@6aca3881
INFO 28-05-2018 15:39:44 || ProxyBot.invoke() : move || [Ljava.lang.Object;@5607fff3
