Mai 29, 2018 1:37:02 PM de.hsa.game.SquirrelGame.general.Launcher main
INFORMATION: START
Mai 29, 2018 1:37:02 PM de.hsa.game.SquirrelGame.general.Launcher start
INFORMATION: Starting JFX3D game
Mai 29, 2018 1:37:05 PM de.hsa.game.SquirrelGame.proxy.ProxyBot invoke
INFORMATION: locate
Mai 29, 2018 1:37:05 PM de.hsa.game.SquirrelGame.proxy.ProxyBot invoke
INFORMATION: getViewLowerLeft
Mai 29, 2018 1:37:05 PM de.hsa.game.SquirrelGame.proxy.ProxyBot invoke
INFORMATION: getViewUpperRight
Mai 29, 2018 1:37:05 PM de.hsa.game.SquirrelGame.proxy.ProxyBot invoke
INFORMATION: getViewUpperRight
Mai 29, 2018 1:37:05 PM de.hsa.game.SquirrelGame.proxy.ProxyBot invoke
INFORMATION: getViewLowerLeft
Mai 29, 2018 1:37:05 PM de.hsa.game.SquirrelGame.proxy.ProxyBot invoke
INFORMATION: getEntityAt
Mai 29, 2018 1:37:05 PM de.hsa.game.SquirrelGame.proxy.ProxyBot invoke
INFORMATION: getEntityAt
Mai 29, 2018 1:37:05 PM de.hsa.game.SquirrelGame.proxy.ProxyBot invoke
INFORMATION: getEntityAt
Mai 29, 2018 1:37:05 PM de.hsa.game.SquirrelGame.proxy.ProxyBot invoke
INFORMATION: getEntityAt
Mai 29, 2018 1:37:05 PM de.hsa.game.SquirrelGame.proxy.ProxyBot invoke
INFORMATION: getEntityAt
Mai 29, 2018 1:37:05 PM de.hsa.game.SquirrelGame.proxy.ProxyBot invoke
INFORMATION: getEntityAt
Mai 29, 2018 1:37:05 PM de.hsa.game.SquirrelGame.proxy.ProxyBot invoke
INFORMATION: getEntityAt
Mai 29, 2018 1:37:05 PM de.hsa.game.SquirrelGame.proxy.ProxyBot invoke
INFORMATION: getEntityAt
Mai 29, 2018 1:37:05 PM de.hsa.game.SquirrelGame.proxy.ProxyBot invoke
INFORMATION: getEntityAt
Mai 29, 2018 1:37:05 PM de.hsa.game.SquirrelGame.proxy.ProxyBot invoke
INFORMATION: getEntityAt
Mai 29, 2018 1:37:05 PM de.hsa.game.SquirrelGame.proxy.ProxyBot invoke
INFORMATION: getEntityAt
Mai 29, 2018 1:37:05 PM de.hsa.game.SquirrelGame.proxy.ProxyBot invoke
INFORMATION: getEntityAt
Mai 29, 2018 1:37:05 PM de.hsa.game.SquirrelGame.proxy.ProxyBot invoke
INFORMATION: getEntityAt
Mai 29, 2018 1:37:05 PM de.hsa.game.SquirrelGame.proxy.ProxyBot invoke
INFORMATION: getEntityAt
Mai 29, 2018 1:37:05 PM de.hsa.game.SquirrelGame.proxy.ProxyBot invoke
INFORMATION: getEntityAt
Mai 29, 2018 1:37:05 PM de.hsa.game.SquirrelGame.proxy.ProxyBot invoke
INFORMATION: getEntityAt
Mai 29, 2018 1:37:05 PM de.hsa.game.SquirrelGame.proxy.ProxyBot invoke
INFORMATION: getEntityAt
Mai 29, 2018 1:37:05 PM de.hsa.game.SquirrelGame.proxy.ProxyBot invoke
INFORMATION: getEntityAt
Mai 29, 2018 1:37:05 PM de.hsa.game.SquirrelGame.proxy.ProxyBot invoke
INFORMATION: getEntityAt
Mai 29, 2018 1:37:05 PM de.hsa.game.SquirrelGame.proxy.ProxyBot invoke
INFORMATION: getEntityAt
Mai 29, 2018 1:37:05 PM de.hsa.game.SquirrelGame.proxy.ProxyBot invoke
INFORMATION: getEntityAt
Mai 29, 2018 1:37:05 PM de.hsa.game.SquirrelGame.proxy.ProxyBot invoke
INFORMATION: getEntityAt
Mai 29, 2018 1:37:05 PM de.hsa.game.SquirrelGame.proxy.ProxyBot invoke
INFORMATION: getEntityAt
Mai 29, 2018 1:37:05 PM de.hsa.game.SquirrelGame.proxy.ProxyBot invoke
INFORMATION: getEntityAt
Mai 29, 2018 1:37:05 PM de.hsa.game.SquirrelGame.proxy.ProxyBot invoke
INFORMATION: getEntityAt
Mai 29, 2018 1:37:05 PM de.hsa.game.SquirrelGame.proxy.ProxyBot invoke
INFORMATION: getEntityAt
Mai 29, 2018 1:37:05 PM de.hsa.game.SquirrelGame.proxy.ProxyBot invoke
INFORMATION: getEntityAt
Mai 29, 2018 1:37:05 PM de.hsa.game.SquirrelGame.proxy.ProxyBot invoke
INFORMATION: getEntityAt
Mai 29, 2018 1:37:05 PM de.hsa.game.SquirrelGame.proxy.ProxyBot invoke
INFORMATION: getEntityAt
Mai 29, 2018 1:37:05 PM de.hsa.game.SquirrelGame.proxy.ProxyBot invoke
INFORMATION: getEntityAt
Mai 29, 2018 1:37:05 PM de.hsa.game.SquirrelGame.proxy.ProxyBot invoke
INFORMATION: getEntityAt
Mai 29, 2018 1:37:05 PM de.hsa.game.SquirrelGame.proxy.ProxyBot invoke
INFORMATION: getEntityAt
Mai 29, 2018 1:37:05 PM de.hsa.game.SquirrelGame.proxy.ProxyBot invoke
INFORMATION: getEntityAt
Mai 29, 2018 1:37:05 PM de.hsa.game.SquirrelGame.proxy.ProxyBot invoke
INFORMATION: getEntityAt
Mai 29, 2018 1:37:05 PM de.hsa.game.SquirrelGame.proxy.ProxyBot invoke
INFORMATION: getEntityAt
Mai 29, 2018 1:37:05 PM de.hsa.game.SquirrelGame.proxy.ProxyBot invoke
INFORMATION: getEntityAt
Mai 29, 2018 1:37:05 PM de.hsa.game.SquirrelGame.proxy.ProxyBot invoke
INFORMATION: getEntityAt
Mai 29, 2018 1:37:05 PM de.hsa.game.SquirrelGame.proxy.ProxyBot invoke
INFORMATION: getEntityAt
Mai 29, 2018 1:37:05 PM de.hsa.game.SquirrelGame.proxy.ProxyBot invoke
INFORMATION: getEntityAt
Mai 29, 2018 1:37:05 PM de.hsa.game.SquirrelGame.proxy.ProxyBot invoke
INFORMATION: getEntityAt
Mai 29, 2018 1:37:05 PM de.hsa.game.SquirrelGame.proxy.ProxyBot invoke
INFORMATION: getEntityAt
Mai 29, 2018 1:37:05 PM de.hsa.game.SquirrelGame.proxy.ProxyBot invoke
INFORMATION: getEntityAt
Mai 29, 2018 1:37:05 PM de.hsa.game.SquirrelGame.proxy.ProxyBot invoke
INFORMATION: getEntityAt
Mai 29, 2018 1:37:05 PM de.hsa.game.SquirrelGame.proxy.ProxyBot invoke
INFORMATION: getEntityAt
Mai 29, 2018 1:37:05 PM de.hsa.game.SquirrelGame.proxy.ProxyBot invoke
INFORMATION: getEntityAt
Mai 29, 2018 1:37:05 PM de.hsa.game.SquirrelGame.proxy.ProxyBot invoke
INFORMATION: getEntityAt
Mai 29, 2018 1:37:05 PM de.hsa.game.SquirrelGame.proxy.ProxyBot invoke
INFORMATION: getEntityAt
Mai 29, 2018 1:37:05 PM de.hsa.game.SquirrelGame.proxy.ProxyBot invoke
INFORMATION: getEntityAt
Mai 29, 2018 1:37:05 PM de.hsa.game.SquirrelGame.proxy.ProxyBot invoke
INFORMATION: getEntityAt
Mai 29, 2018 1:37:05 PM de.hsa.game.SquirrelGame.proxy.ProxyBot invoke
INFORMATION: getEntityAt
Mai 29, 2018 1:37:05 PM de.hsa.game.SquirrelGame.proxy.ProxyBot invoke
INFORMATION: getEntityAt
Mai 29, 2018 1:37:05 PM de.hsa.game.SquirrelGame.proxy.ProxyBot invoke
INFORMATION: getEntityAt
Mai 29, 2018 1:37:05 PM de.hsa.game.SquirrelGame.proxy.ProxyBot invoke
INFORMATION: getEntityAt
Mai 29, 2018 1:37:05 PM de.hsa.game.SquirrelGame.proxy.ProxyBot invoke
INFORMATION: getEntityAt
Mai 29, 2018 1:37:05 PM de.hsa.game.SquirrelGame.proxy.ProxyBot invoke
INFORMATION: getEntityAt
Mai 29, 2018 1:37:05 PM de.hsa.game.SquirrelGame.proxy.ProxyBot invoke
INFORMATION: getEntityAt
Mai 29, 2018 1:37:05 PM de.hsa.game.SquirrelGame.proxy.ProxyBot invoke
INFORMATION: getEntityAt
Mai 29, 2018 1:37:05 PM de.hsa.game.SquirrelGame.proxy.ProxyBot invoke
INFORMATION: getEntityAt
Mai 29, 2018 1:37:05 PM de.hsa.game.SquirrelGame.proxy.ProxyBot invoke
INFORMATION: getEntityAt
Mai 29, 2018 1:37:05 PM de.hsa.game.SquirrelGame.proxy.ProxyBot invoke
INFORMATION: getEntityAt
Mai 29, 2018 1:37:05 PM de.hsa.game.SquirrelGame.proxy.ProxyBot invoke
INFORMATION: getEntityAt
Mai 29, 2018 1:37:05 PM de.hsa.game.SquirrelGame.proxy.ProxyBot invoke
INFORMATION: getEntityAt
Mai 29, 2018 1:37:05 PM de.hsa.game.SquirrelGame.proxy.ProxyBot invoke
INFORMATION: getEntityAt
Mai 29, 2018 1:37:05 PM de.hsa.game.SquirrelGame.proxy.ProxyBot invoke
INFORMATION: getEntityAt
Mai 29, 2018 1:37:05 PM de.hsa.game.SquirrelGame.proxy.ProxyBot invoke
INFORMATION: getEntityAt
Mai 29, 2018 1:37:05 PM de.hsa.game.SquirrelGame.proxy.ProxyBot invoke
INFORMATION: getEntityAt
Mai 29, 2018 1:37:05 PM de.hsa.game.SquirrelGame.proxy.ProxyBot invoke
INFORMATION: getEntityAt
Mai 29, 2018 1:37:05 PM de.hsa.game.SquirrelGame.proxy.ProxyBot invoke
INFORMATION: getEntityAt
Mai 29, 2018 1:37:05 PM de.hsa.game.SquirrelGame.proxy.ProxyBot invoke
INFORMATION: getEntityAt
Mai 29, 2018 1:37:05 PM de.hsa.game.SquirrelGame.proxy.ProxyBot invoke
INFORMATION: getEntityAt
Mai 29, 2018 1:37:05 PM de.hsa.game.SquirrelGame.proxy.ProxyBot invoke
INFORMATION: getEntityAt
Mai 29, 2018 1:37:05 PM de.hsa.game.SquirrelGame.proxy.ProxyBot invoke
INFORMATION: getEntityAt
Mai 29, 2018 1:37:05 PM de.hsa.game.SquirrelGame.proxy.ProxyBot invoke
INFORMATION: getEntityAt
Mai 29, 2018 1:37:05 PM de.hsa.game.SquirrelGame.proxy.ProxyBot invoke
INFORMATION: getEntityAt
Mai 29, 2018 1:37:05 PM de.hsa.game.SquirrelGame.proxy.ProxyBot invoke
INFORMATION: getEntityAt
Mai 29, 2018 1:37:05 PM de.hsa.game.SquirrelGame.proxy.ProxyBot invoke
INFORMATION: getEntityAt
Mai 29, 2018 1:37:05 PM de.hsa.game.SquirrelGame.proxy.ProxyBot invoke
INFORMATION: getEntityAt
Mai 29, 2018 1:37:05 PM de.hsa.game.SquirrelGame.proxy.ProxyBot invoke
INFORMATION: getEntityAt
Mai 29, 2018 1:37:05 PM de.hsa.game.SquirrelGame.proxy.ProxyBot invoke
INFORMATION: getEntityAt
Mai 29, 2018 1:37:05 PM de.hsa.game.SquirrelGame.proxy.ProxyBot invoke
INFORMATION: getEntityAt
Mai 29, 2018 1:37:05 PM de.hsa.game.SquirrelGame.proxy.ProxyBot invoke
INFORMATION: getEntityAt
Mai 29, 2018 1:37:05 PM de.hsa.game.SquirrelGame.proxy.ProxyBot invoke
INFORMATION: getEntityAt
Mai 29, 2018 1:37:05 PM de.hsa.game.SquirrelGame.proxy.ProxyBot invoke
INFORMATION: getEntityAt
Mai 29, 2018 1:37:05 PM de.hsa.game.SquirrelGame.proxy.ProxyBot invoke
INFORMATION: getEntityAt
Mai 29, 2018 1:37:05 PM de.hsa.game.SquirrelGame.proxy.ProxyBot invoke
INFORMATION: getEntityAt
Mai 29, 2018 1:37:05 PM de.hsa.game.SquirrelGame.proxy.ProxyBot invoke
INFORMATION: getEntityAt
Mai 29, 2018 1:37:05 PM de.hsa.game.SquirrelGame.proxy.ProxyBot invoke
INFORMATION: getEntityAt
Mai 29, 2018 1:37:05 PM de.hsa.game.SquirrelGame.proxy.ProxyBot invoke
INFORMATION: getEntityAt
Mai 29, 2018 1:37:05 PM de.hsa.game.SquirrelGame.proxy.ProxyBot invoke
INFORMATION: getEntityAt
Mai 29, 2018 1:37:05 PM de.hsa.game.SquirrelGame.proxy.ProxyBot invoke
INFORMATION: getEntityAt
Mai 29, 2018 1:37:05 PM de.hsa.game.SquirrelGame.proxy.ProxyBot invoke
INFORMATION: getEntityAt
Mai 29, 2018 1:37:05 PM de.hsa.game.SquirrelGame.proxy.ProxyBot invoke
INFORMATION: getEntityAt
Mai 29, 2018 1:37:05 PM de.hsa.game.SquirrelGame.proxy.ProxyBot invoke
INFORMATION: getEntityAt
Mai 29, 2018 1:37:05 PM de.hsa.game.SquirrelGame.proxy.ProxyBot invoke
INFORMATION: getEntityAt
Mai 29, 2018 1:37:05 PM de.hsa.game.SquirrelGame.proxy.ProxyBot invoke
INFORMATION: getEntityAt
Mai 29, 2018 1:37:05 PM de.hsa.game.SquirrelGame.proxy.ProxyBot invoke
INFORMATION: getEntityAt
Mai 29, 2018 1:37:05 PM de.hsa.game.SquirrelGame.proxy.ProxyBot invoke
INFORMATION: getEntityAt
Mai 29, 2018 1:37:05 PM de.hsa.game.SquirrelGame.proxy.ProxyBot invoke
INFORMATION: getEntityAt
Mai 29, 2018 1:37:05 PM de.hsa.game.SquirrelGame.proxy.ProxyBot invoke
INFORMATION: getEntityAt
Mai 29, 2018 1:37:05 PM de.hsa.game.SquirrelGame.proxy.ProxyBot invoke
INFORMATION: getEntityAt
Mai 29, 2018 1:37:05 PM de.hsa.game.SquirrelGame.proxy.ProxyBot invoke
INFORMATION: getEntityAt
Mai 29, 2018 1:37:05 PM de.hsa.game.SquirrelGame.proxy.ProxyBot invoke
INFORMATION: getEntityAt
Mai 29, 2018 1:37:05 PM de.hsa.game.SquirrelGame.proxy.ProxyBot invoke
INFORMATION: getEntityAt
Mai 29, 2018 1:37:05 PM de.hsa.game.SquirrelGame.proxy.ProxyBot invoke
INFORMATION: getEntityAt
Mai 29, 2018 1:37:05 PM de.hsa.game.SquirrelGame.proxy.ProxyBot invoke
INFORMATION: getEntityAt
Mai 29, 2018 1:37:05 PM de.hsa.game.SquirrelGame.proxy.ProxyBot invoke
INFORMATION: getEntityAt
Mai 29, 2018 1:37:05 PM de.hsa.game.SquirrelGame.proxy.ProxyBot invoke
INFORMATION: getEntityAt
Mai 29, 2018 1:37:05 PM de.hsa.game.SquirrelGame.proxy.ProxyBot invoke
INFORMATION: getEntityAt
Mai 29, 2018 1:37:05 PM de.hsa.game.SquirrelGame.proxy.ProxyBot invoke
INFORMATION: getEntityAt
Mai 29, 2018 1:37:05 PM de.hsa.game.SquirrelGame.proxy.ProxyBot invoke
INFORMATION: getEntityAt
Mai 29, 2018 1:37:05 PM de.hsa.game.SquirrelGame.proxy.ProxyBot invoke
INFORMATION: getEntityAt
Mai 29, 2018 1:37:05 PM de.hsa.game.SquirrelGame.proxy.ProxyBot invoke
INFORMATION: getEntityAt
Mai 29, 2018 1:37:05 PM de.hsa.game.SquirrelGame.proxy.ProxyBot invoke
INFORMATION: getEntityAt
Mai 29, 2018 1:37:05 PM de.hsa.game.SquirrelGame.proxy.ProxyBot invoke
INFORMATION: getEntityAt
Mai 29, 2018 1:37:05 PM de.hsa.game.SquirrelGame.proxy.ProxyBot invoke
INFORMATION: getEntityAt
Mai 29, 2018 1:37:05 PM de.hsa.game.SquirrelGame.proxy.ProxyBot invoke
INFORMATION: getEntityAt
Mai 29, 2018 1:37:05 PM de.hsa.game.SquirrelGame.proxy.ProxyBot invoke
INFORMATION: getEntityAt
Mai 29, 2018 1:37:05 PM de.hsa.game.SquirrelGame.proxy.ProxyBot invoke
INFORMATION: getEntityAt
Mai 29, 2018 1:37:05 PM de.hsa.game.SquirrelGame.proxy.ProxyBot invoke
INFORMATION: getEntityAt
Mai 29, 2018 1:37:05 PM de.hsa.game.SquirrelGame.proxy.ProxyBot invoke
INFORMATION: getEntityAt
Mai 29, 2018 1:37:05 PM de.hsa.game.SquirrelGame.proxy.ProxyBot invoke
INFORMATION: getEntityAt
Mai 29, 2018 1:37:05 PM de.hsa.game.SquirrelGame.proxy.ProxyBot invoke
INFORMATION: getEntityAt
Mai 29, 2018 1:37:05 PM de.hsa.game.SquirrelGame.proxy.ProxyBot invoke
INFORMATION: getEntityAt
Mai 29, 2018 1:37:05 PM de.hsa.game.SquirrelGame.proxy.ProxyBot invoke
INFORMATION: getEntityAt
Mai 29, 2018 1:37:05 PM de.hsa.game.SquirrelGame.proxy.ProxyBot invoke
INFORMATION: getEntityAt
Mai 29, 2018 1:37:05 PM de.hsa.game.SquirrelGame.proxy.ProxyBot invoke
INFORMATION: getEntityAt
Mai 29, 2018 1:37:05 PM de.hsa.game.SquirrelGame.proxy.ProxyBot invoke
INFORMATION: getEntityAt
Mai 29, 2018 1:37:05 PM de.hsa.game.SquirrelGame.proxy.ProxyBot invoke
INFORMATION: getEntityAt
Mai 29, 2018 1:37:05 PM de.hsa.game.SquirrelGame.proxy.ProxyBot invoke
INFORMATION: getEntityAt
Mai 29, 2018 1:37:05 PM de.hsa.game.SquirrelGame.proxy.ProxyBot invoke
INFORMATION: getEntityAt
Mai 29, 2018 1:37:05 PM de.hsa.game.SquirrelGame.proxy.ProxyBot invoke
INFORMATION: getEntityAt
Mai 29, 2018 1:37:05 PM de.hsa.game.SquirrelGame.proxy.ProxyBot invoke
INFORMATION: getEntityAt
Mai 29, 2018 1:37:05 PM de.hsa.game.SquirrelGame.proxy.ProxyBot invoke
INFORMATION: getEntityAt
Mai 29, 2018 1:37:05 PM de.hsa.game.SquirrelGame.proxy.ProxyBot invoke
INFORMATION: getEntityAt
Mai 29, 2018 1:37:05 PM de.hsa.game.SquirrelGame.proxy.ProxyBot invoke
INFORMATION: getEntityAt
Mai 29, 2018 1:37:05 PM de.hsa.game.SquirrelGame.proxy.ProxyBot invoke
INFORMATION: getEntityAt
Mai 29, 2018 1:37:05 PM de.hsa.game.SquirrelGame.proxy.ProxyBot invoke
INFORMATION: getEntityAt
Mai 29, 2018 1:37:05 PM de.hsa.game.SquirrelGame.proxy.ProxyBot invoke
INFORMATION: getEntityAt
Mai 29, 2018 1:37:05 PM de.hsa.game.SquirrelGame.proxy.ProxyBot invoke
INFORMATION: getEntityAt
Mai 29, 2018 1:37:05 PM de.hsa.game.SquirrelGame.proxy.ProxyBot invoke
INFORMATION: getEntityAt
Mai 29, 2018 1:37:05 PM de.hsa.game.SquirrelGame.proxy.ProxyBot invoke
INFORMATION: getEntityAt
Mai 29, 2018 1:37:05 PM de.hsa.game.SquirrelGame.proxy.ProxyBot invoke
INFORMATION: getEntityAt
Mai 29, 2018 1:37:05 PM de.hsa.game.SquirrelGame.proxy.ProxyBot invoke
INFORMATION: getEntityAt
Mai 29, 2018 1:37:05 PM de.hsa.game.SquirrelGame.proxy.ProxyBot invoke
INFORMATION: getEntityAt
Mai 29, 2018 1:37:05 PM de.hsa.game.SquirrelGame.proxy.ProxyBot invoke
INFORMATION: getEntityAt
Mai 29, 2018 1:37:05 PM de.hsa.game.SquirrelGame.proxy.ProxyBot invoke
INFORMATION: getEntityAt
Mai 29, 2018 1:37:05 PM de.hsa.game.SquirrelGame.proxy.ProxyBot invoke
INFORMATION: getEntityAt
Mai 29, 2018 1:37:05 PM de.hsa.game.SquirrelGame.proxy.ProxyBot invoke
INFORMATION: getEntityAt
Mai 29, 2018 1:37:05 PM de.hsa.game.SquirrelGame.proxy.ProxyBot invoke
INFORMATION: getEntityAt
Mai 29, 2018 1:37:05 PM de.hsa.game.SquirrelGame.proxy.ProxyBot invoke
INFORMATION: getEntityAt
Mai 29, 2018 1:37:05 PM de.hsa.game.SquirrelGame.proxy.ProxyBot invoke
INFORMATION: getEntityAt
Mai 29, 2018 1:37:05 PM de.hsa.game.SquirrelGame.proxy.ProxyBot invoke
INFORMATION: getEntityAt
Mai 29, 2018 1:37:05 PM de.hsa.game.SquirrelGame.proxy.ProxyBot invoke
INFORMATION: getEntityAt
Mai 29, 2018 1:37:05 PM de.hsa.game.SquirrelGame.proxy.ProxyBot invoke
INFORMATION: getEntityAt
Mai 29, 2018 1:37:05 PM de.hsa.game.SquirrelGame.proxy.ProxyBot invoke
INFORMATION: getEntityAt
Mai 29, 2018 1:37:05 PM de.hsa.game.SquirrelGame.proxy.ProxyBot invoke
INFORMATION: getEntityAt
Mai 29, 2018 1:37:05 PM de.hsa.game.SquirrelGame.proxy.ProxyBot invoke
INFORMATION: getEntityAt
Mai 29, 2018 1:37:05 PM de.hsa.game.SquirrelGame.proxy.ProxyBot invoke
INFORMATION: getEntityAt
Mai 29, 2018 1:37:05 PM de.hsa.game.SquirrelGame.proxy.ProxyBot invoke
INFORMATION: getEntityAt
Mai 29, 2018 1:37:05 PM de.hsa.game.SquirrelGame.proxy.ProxyBot invoke
INFORMATION: getEntityAt
Mai 29, 2018 1:37:05 PM de.hsa.game.SquirrelGame.proxy.ProxyBot invoke
INFORMATION: getEntityAt
Mai 29, 2018 1:37:05 PM de.hsa.game.SquirrelGame.proxy.ProxyBot invoke
INFORMATION: getEntityAt
Mai 29, 2018 1:37:05 PM de.hsa.game.SquirrelGame.proxy.ProxyBot invoke
INFORMATION: getEntityAt
Mai 29, 2018 1:37:05 PM de.hsa.game.SquirrelGame.proxy.ProxyBot invoke
INFORMATION: getEntityAt
Mai 29, 2018 1:37:05 PM de.hsa.game.SquirrelGame.proxy.ProxyBot invoke
INFORMATION: getEntityAt
Mai 29, 2018 1:37:05 PM de.hsa.game.SquirrelGame.proxy.ProxyBot invoke
INFORMATION: getEntityAt
Mai 29, 2018 1:37:05 PM de.hsa.game.SquirrelGame.proxy.ProxyBot invoke
INFORMATION: getEntityAt
Mai 29, 2018 1:37:05 PM de.hsa.game.SquirrelGame.proxy.ProxyBot invoke
INFORMATION: getEntityAt
Mai 29, 2018 1:37:05 PM de.hsa.game.SquirrelGame.proxy.ProxyBot invoke
INFORMATION: getEntityAt
Mai 29, 2018 1:37:05 PM de.hsa.game.SquirrelGame.proxy.ProxyBot invoke
INFORMATION: getEntityAt
Mai 29, 2018 1:37:05 PM de.hsa.game.SquirrelGame.proxy.ProxyBot invoke
INFORMATION: getEntityAt
Mai 29, 2018 1:37:05 PM de.hsa.game.SquirrelGame.proxy.ProxyBot invoke
INFORMATION: getEntityAt
Mai 29, 2018 1:37:05 PM de.hsa.game.SquirrelGame.proxy.ProxyBot invoke
INFORMATION: getEntityAt
Mai 29, 2018 1:37:05 PM de.hsa.game.SquirrelGame.proxy.ProxyBot invoke
INFORMATION: getEntityAt
Mai 29, 2018 1:37:05 PM de.hsa.game.SquirrelGame.proxy.ProxyBot invoke
INFORMATION: getEntityAt
Mai 29, 2018 1:37:05 PM de.hsa.game.SquirrelGame.proxy.ProxyBot invoke
INFORMATION: getEntityAt
Mai 29, 2018 1:37:05 PM de.hsa.game.SquirrelGame.proxy.ProxyBot invoke
INFORMATION: getEntityAt
Mai 29, 2018 1:37:05 PM de.hsa.game.SquirrelGame.proxy.ProxyBot invoke
INFORMATION: getEntityAt
Mai 29, 2018 1:37:05 PM de.hsa.game.SquirrelGame.proxy.ProxyBot invoke
INFORMATION: getEntityAt
Mai 29, 2018 1:37:05 PM de.hsa.game.SquirrelGame.proxy.ProxyBot invoke
INFORMATION: getEntityAt
Mai 29, 2018 1:37:05 PM de.hsa.game.SquirrelGame.proxy.ProxyBot invoke
INFORMATION: getEntityAt
Mai 29, 2018 1:37:05 PM de.hsa.game.SquirrelGame.proxy.ProxyBot invoke
INFORMATION: getEntityAt
Mai 29, 2018 1:37:05 PM de.hsa.game.SquirrelGame.proxy.ProxyBot invoke
INFORMATION: getEntityAt
Mai 29, 2018 1:37:05 PM de.hsa.game.SquirrelGame.proxy.ProxyBot invoke
INFORMATION: getEntityAt
Mai 29, 2018 1:37:05 PM de.hsa.game.SquirrelGame.proxy.ProxyBot invoke
INFORMATION: getEntityAt
Mai 29, 2018 1:37:05 PM de.hsa.game.SquirrelGame.proxy.ProxyBot invoke
INFORMATION: getEntityAt
Mai 29, 2018 1:37:05 PM de.hsa.game.SquirrelGame.proxy.ProxyBot invoke
INFORMATION: getEntityAt
Mai 29, 2018 1:37:05 PM de.hsa.game.SquirrelGame.proxy.ProxyBot invoke
INFORMATION: getEntityAt
Mai 29, 2018 1:37:05 PM de.hsa.game.SquirrelGame.proxy.ProxyBot invoke
INFORMATION: getEntityAt
Mai 29, 2018 1:37:05 PM de.hsa.game.SquirrelGame.proxy.ProxyBot invoke
INFORMATION: getEntityAt
Mai 29, 2018 1:37:05 PM de.hsa.game.SquirrelGame.proxy.ProxyBot invoke
INFORMATION: getEntityAt
Mai 29, 2018 1:37:05 PM de.hsa.game.SquirrelGame.proxy.ProxyBot invoke
INFORMATION: getEntityAt
Mai 29, 2018 1:37:05 PM de.hsa.game.SquirrelGame.proxy.ProxyBot invoke
INFORMATION: getEntityAt
Mai 29, 2018 1:37:05 PM de.hsa.game.SquirrelGame.proxy.ProxyBot invoke
INFORMATION: getEntityAt
Mai 29, 2018 1:37:05 PM de.hsa.game.SquirrelGame.proxy.ProxyBot invoke
INFORMATION: getEntityAt
Mai 29, 2018 1:37:05 PM de.hsa.game.SquirrelGame.proxy.ProxyBot invoke
INFORMATION: getEntityAt
Mai 29, 2018 1:37:05 PM de.hsa.game.SquirrelGame.proxy.ProxyBot invoke
INFORMATION: getEntityAt
Mai 29, 2018 1:37:05 PM de.hsa.game.SquirrelGame.proxy.ProxyBot invoke
INFORMATION: getEntityAt
Mai 29, 2018 1:37:05 PM de.hsa.game.SquirrelGame.proxy.ProxyBot invoke
INFORMATION: getEntityAt
Mai 29, 2018 1:37:05 PM de.hsa.game.SquirrelGame.proxy.ProxyBot invoke
INFORMATION: getEntityAt
Mai 29, 2018 1:37:05 PM de.hsa.game.SquirrelGame.proxy.ProxyBot invoke
INFORMATION: getEntityAt
Mai 29, 2018 1:37:05 PM de.hsa.game.SquirrelGame.proxy.ProxyBot invoke
INFORMATION: getEntityAt
Mai 29, 2018 1:37:05 PM de.hsa.game.SquirrelGame.proxy.ProxyBot invoke
INFORMATION: getEntityAt
Mai 29, 2018 1:37:05 PM de.hsa.game.SquirrelGame.proxy.ProxyBot invoke
INFORMATION: getEntityAt
Mai 29, 2018 1:37:05 PM de.hsa.game.SquirrelGame.proxy.ProxyBot invoke
INFORMATION: getEntityAt
Mai 29, 2018 1:37:05 PM de.hsa.game.SquirrelGame.proxy.ProxyBot invoke
INFORMATION: getEntityAt
Mai 29, 2018 1:37:05 PM de.hsa.game.SquirrelGame.proxy.ProxyBot invoke
INFORMATION: getEntityAt
Mai 29, 2018 1:37:05 PM de.hsa.game.SquirrelGame.proxy.ProxyBot invoke
INFORMATION: getEntityAt
Mai 29, 2018 1:37:05 PM de.hsa.game.SquirrelGame.proxy.ProxyBot invoke
INFORMATION: getEntityAt
Mai 29, 2018 1:37:05 PM de.hsa.game.SquirrelGame.proxy.ProxyBot invoke
INFORMATION: getEntityAt
Mai 29, 2018 1:37:05 PM de.hsa.game.SquirrelGame.proxy.ProxyBot invoke
INFORMATION: getEntityAt
Mai 29, 2018 1:37:05 PM de.hsa.game.SquirrelGame.proxy.ProxyBot invoke
INFORMATION: getEntityAt
Mai 29, 2018 1:37:05 PM de.hsa.game.SquirrelGame.proxy.ProxyBot invoke
INFORMATION: getEntityAt
Mai 29, 2018 1:37:05 PM de.hsa.game.SquirrelGame.proxy.ProxyBot invoke
INFORMATION: getEntityAt
Mai 29, 2018 1:37:05 PM de.hsa.game.SquirrelGame.proxy.ProxyBot invoke
INFORMATION: getEntityAt
Mai 29, 2018 1:37:05 PM de.hsa.game.SquirrelGame.proxy.ProxyBot invoke
INFORMATION: getEntityAt
Mai 29, 2018 1:37:05 PM de.hsa.game.SquirrelGame.proxy.ProxyBot invoke
INFORMATION: getEntityAt
Mai 29, 2018 1:37:05 PM de.hsa.game.SquirrelGame.proxy.ProxyBot invoke
INFORMATION: getEntityAt
Mai 29, 2018 1:37:05 PM de.hsa.game.SquirrelGame.proxy.ProxyBot invoke
INFORMATION: getEntityAt
Mai 29, 2018 1:37:05 PM de.hsa.game.SquirrelGame.proxy.ProxyBot invoke
INFORMATION: getEntityAt
Mai 29, 2018 1:37:05 PM de.hsa.game.SquirrelGame.proxy.ProxyBot invoke
INFORMATION: getEntityAt
Mai 29, 2018 1:37:05 PM de.hsa.game.SquirrelGame.proxy.ProxyBot invoke
INFORMATION: getEntityAt
Mai 29, 2018 1:37:05 PM de.hsa.game.SquirrelGame.proxy.ProxyBot invoke
INFORMATION: getEntityAt
Mai 29, 2018 1:37:05 PM de.hsa.game.SquirrelGame.proxy.ProxyBot invoke
INFORMATION: getEntityAt
Mai 29, 2018 1:37:05 PM de.hsa.game.SquirrelGame.proxy.ProxyBot invoke
INFORMATION: getEntityAt
Mai 29, 2018 1:37:05 PM de.hsa.game.SquirrelGame.proxy.ProxyBot invoke
INFORMATION: getEntityAt
Mai 29, 2018 1:37:05 PM de.hsa.game.SquirrelGame.proxy.ProxyBot invoke
INFORMATION: getEntityAt
Mai 29, 2018 1:37:05 PM de.hsa.game.SquirrelGame.proxy.ProxyBot invoke
INFORMATION: getEntityAt
Mai 29, 2018 1:37:05 PM de.hsa.game.SquirrelGame.proxy.ProxyBot invoke
INFORMATION: getEntityAt
Mai 29, 2018 1:37:05 PM de.hsa.game.SquirrelGame.proxy.ProxyBot invoke
INFORMATION: getEntityAt
Mai 29, 2018 1:37:05 PM de.hsa.game.SquirrelGame.proxy.ProxyBot invoke
INFORMATION: getEntityAt
Mai 29, 2018 1:37:05 PM de.hsa.game.SquirrelGame.proxy.ProxyBot invoke
INFORMATION: getEntityAt
Mai 29, 2018 1:37:05 PM de.hsa.game.SquirrelGame.proxy.ProxyBot invoke
INFORMATION: getEntityAt
Mai 29, 2018 1:37:05 PM de.hsa.game.SquirrelGame.proxy.ProxyBot invoke
INFORMATION: getEntityAt
Mai 29, 2018 1:37:05 PM de.hsa.game.SquirrelGame.proxy.ProxyBot invoke
INFORMATION: getEntityAt
Mai 29, 2018 1:37:05 PM de.hsa.game.SquirrelGame.proxy.ProxyBot invoke
INFORMATION: getEntityAt
Mai 29, 2018 1:37:05 PM de.hsa.game.SquirrelGame.proxy.ProxyBot invoke
INFORMATION: getEntityAt
Mai 29, 2018 1:37:05 PM de.hsa.game.SquirrelGame.proxy.ProxyBot invoke
INFORMATION: getEntityAt
Mai 29, 2018 1:37:05 PM de.hsa.game.SquirrelGame.proxy.ProxyBot invoke
INFORMATION: getEntityAt
Mai 29, 2018 1:37:05 PM de.hsa.game.SquirrelGame.proxy.ProxyBot invoke
INFORMATION: getEntityAt
Mai 29, 2018 1:37:05 PM de.hsa.game.SquirrelGame.proxy.ProxyBot invoke
INFORMATION: getEntityAt
Mai 29, 2018 1:37:05 PM de.hsa.game.SquirrelGame.proxy.ProxyBot invoke
INFORMATION: getEntityAt
Mai 29, 2018 1:37:05 PM de.hsa.game.SquirrelGame.proxy.ProxyBot invoke
INFORMATION: getEntityAt
Mai 29, 2018 1:37:05 PM de.hsa.game.SquirrelGame.proxy.ProxyBot invoke
INFORMATION: getEntityAt
Mai 29, 2018 1:37:05 PM de.hsa.game.SquirrelGame.proxy.ProxyBot invoke
INFORMATION: getEntityAt
Mai 29, 2018 1:37:05 PM de.hsa.game.SquirrelGame.proxy.ProxyBot invoke
INFORMATION: getEntityAt
Mai 29, 2018 1:37:05 PM de.hsa.game.SquirrelGame.proxy.ProxyBot invoke
INFORMATION: getEntityAt
Mai 29, 2018 1:37:05 PM de.hsa.game.SquirrelGame.proxy.ProxyBot invoke
INFORMATION: getEntityAt
Mai 29, 2018 1:37:05 PM de.hsa.game.SquirrelGame.proxy.ProxyBot invoke
INFORMATION: getEntityAt
Mai 29, 2018 1:37:05 PM de.hsa.game.SquirrelGame.proxy.ProxyBot invoke
INFORMATION: getEntityAt
Mai 29, 2018 1:37:05 PM de.hsa.game.SquirrelGame.proxy.ProxyBot invoke
INFORMATION: getEntityAt
Mai 29, 2018 1:37:05 PM de.hsa.game.SquirrelGame.proxy.ProxyBot invoke
INFORMATION: getEntityAt
Mai 29, 2018 1:37:05 PM de.hsa.game.SquirrelGame.proxy.ProxyBot invoke
INFORMATION: getEntityAt
Mai 29, 2018 1:37:05 PM de.hsa.game.SquirrelGame.proxy.ProxyBot invoke
INFORMATION: getEntityAt
Mai 29, 2018 1:37:05 PM de.hsa.game.SquirrelGame.proxy.ProxyBot invoke
INFORMATION: getEntityAt
Mai 29, 2018 1:37:05 PM de.hsa.game.SquirrelGame.proxy.ProxyBot invoke
INFORMATION: getEntityAt
Mai 29, 2018 1:37:05 PM de.hsa.game.SquirrelGame.proxy.ProxyBot invoke
INFORMATION: getEntityAt
Mai 29, 2018 1:37:05 PM de.hsa.game.SquirrelGame.proxy.ProxyBot invoke
INFORMATION: getEntityAt
Mai 29, 2018 1:37:05 PM de.hsa.game.SquirrelGame.proxy.ProxyBot invoke
INFORMATION: getEntityAt
Mai 29, 2018 1:37:05 PM de.hsa.game.SquirrelGame.proxy.ProxyBot invoke
INFORMATION: getEntityAt
Mai 29, 2018 1:37:05 PM de.hsa.game.SquirrelGame.proxy.ProxyBot invoke
INFORMATION: getEntityAt
Mai 29, 2018 1:37:05 PM de.hsa.game.SquirrelGame.proxy.ProxyBot invoke
INFORMATION: getEntityAt
Mai 29, 2018 1:37:05 PM de.hsa.game.SquirrelGame.proxy.ProxyBot invoke
INFORMATION: getEntityAt
Mai 29, 2018 1:37:05 PM de.hsa.game.SquirrelGame.proxy.ProxyBot invoke
INFORMATION: getEntityAt
Mai 29, 2018 1:37:05 PM de.hsa.game.SquirrelGame.proxy.ProxyBot invoke
INFORMATION: getEntityAt
Mai 29, 2018 1:37:05 PM de.hsa.game.SquirrelGame.proxy.ProxyBot invoke
INFORMATION: getEntityAt
Mai 29, 2018 1:37:05 PM de.hsa.game.SquirrelGame.proxy.ProxyBot invoke
INFORMATION: getEntityAt
Mai 29, 2018 1:37:05 PM de.hsa.game.SquirrelGame.proxy.ProxyBot invoke
INFORMATION: getEntityAt
Mai 29, 2018 1:37:05 PM de.hsa.game.SquirrelGame.proxy.ProxyBot invoke
INFORMATION: getEntityAt
Mai 29, 2018 1:37:05 PM de.hsa.game.SquirrelGame.proxy.ProxyBot invoke
INFORMATION: getEntityAt
Mai 29, 2018 1:37:05 PM de.hsa.game.SquirrelGame.proxy.ProxyBot invoke
INFORMATION: getEntityAt
Mai 29, 2018 1:37:05 PM de.hsa.game.SquirrelGame.proxy.ProxyBot invoke
INFORMATION: getEntityAt
Mai 29, 2018 1:37:05 PM de.hsa.game.SquirrelGame.proxy.ProxyBot invoke
INFORMATION: getEntityAt
Mai 29, 2018 1:37:05 PM de.hsa.game.SquirrelGame.proxy.ProxyBot invoke
INFORMATION: getEntityAt
Mai 29, 2018 1:37:05 PM de.hsa.game.SquirrelGame.proxy.ProxyBot invoke
INFORMATION: getEntityAt
Mai 29, 2018 1:37:05 PM de.hsa.game.SquirrelGame.proxy.ProxyBot invoke
INFORMATION: getEntityAt
Mai 29, 2018 1:37:05 PM de.hsa.game.SquirrelGame.proxy.ProxyBot invoke
INFORMATION: getEntityAt
Mai 29, 2018 1:37:05 PM de.hsa.game.SquirrelGame.proxy.ProxyBot invoke
INFORMATION: getEntityAt
Mai 29, 2018 1:37:05 PM de.hsa.game.SquirrelGame.proxy.ProxyBot invoke
INFORMATION: getEntityAt
Mai 29, 2018 1:37:05 PM de.hsa.game.SquirrelGame.proxy.ProxyBot invoke
INFORMATION: getEntityAt
Mai 29, 2018 1:37:05 PM de.hsa.game.SquirrelGame.proxy.ProxyBot invoke
INFORMATION: getEntityAt
Mai 29, 2018 1:37:05 PM de.hsa.game.SquirrelGame.proxy.ProxyBot invoke
INFORMATION: getEntityAt
Mai 29, 2018 1:37:05 PM de.hsa.game.SquirrelGame.proxy.ProxyBot invoke
INFORMATION: getEntityAt
Mai 29, 2018 1:37:05 PM de.hsa.game.SquirrelGame.proxy.ProxyBot invoke
INFORMATION: getEntityAt
Mai 29, 2018 1:37:05 PM de.hsa.game.SquirrelGame.proxy.ProxyBot invoke
INFORMATION: getEntityAt
Mai 29, 2018 1:37:05 PM de.hsa.game.SquirrelGame.proxy.ProxyBot invoke
INFORMATION: getEntityAt
Mai 29, 2018 1:37:05 PM de.hsa.game.SquirrelGame.proxy.ProxyBot invoke
INFORMATION: getEntityAt
Mai 29, 2018 1:37:05 PM de.hsa.game.SquirrelGame.proxy.ProxyBot invoke
INFORMATION: getEntityAt
Mai 29, 2018 1:37:05 PM de.hsa.game.SquirrelGame.proxy.ProxyBot invoke
INFORMATION: getEntityAt
Mai 29, 2018 1:37:05 PM de.hsa.game.SquirrelGame.proxy.ProxyBot invoke
INFORMATION: getEntityAt
Mai 29, 2018 1:37:05 PM de.hsa.game.SquirrelGame.proxy.ProxyBot invoke
SCHWERWIEGEND: null
java.lang.reflect.InvocationTargetException
	at sun.reflect.GeneratedMethodAccessor1.invoke(Unknown Source)
	at sun.reflect.DelegatingMethodAccessorImpl.invoke(DelegatingMethodAccessorImpl.java:43)
	at java.lang.reflect.Method.invoke(Method.java:498)
	at de.hsa.game.SquirrelGame.proxy.ProxyBot.invoke(ProxyBot.java:25)
	at com.sun.proxy.$Proxy0.getEntityAt(Unknown Source)
	at de.hsa.game.SquirrelGame.core.entity.character.bots.HalfRandomBot.nextStep(HalfRandomBot.java:25)
	at de.hsa.game.SquirrelGame.core.entity.character.MasterSquirrelBot.nextStep(MasterSquirrelBot.java:151)
	at de.hsa.game.SquirrelGame.core.board.Board.update(Board.java:176)
	at de.hsa.game.SquirrelGame.core.board.State.update(State.java:16)
	at de.hsa.game.SquirrelGame.general.Game.update(Game.java:98)
	at de.hsa.game.SquirrelGame.general.Game$1.run(Game.java:52)
	at java.util.TimerThread.mainLoop(Timer.java:555)
	at java.util.TimerThread.run(Timer.java:505)
Caused by: java.lang.ArrayIndexOutOfBoundsException: 30
	at de.hsa.game.SquirrelGame.core.board.FlattenBoard.getEntityType(FlattenBoard.java:51)
	at de.hsa.game.SquirrelGame.core.board.FlattenBoard.getEntityType(FlattenBoard.java:231)
	at de.hsa.game.SquirrelGame.core.entity.character.MasterSquirrelBot$ControllerContextImpl.getEntityAt(MasterSquirrelBot.java:62)
	... 13 more

