Mai 29, 2018 9:43:34 PM de.hsa.game.SquirrelGame.general.Launcher main
INFORMATION: START
Mai 29, 2018 9:43:34 PM de.hsa.game.SquirrelGame.general.Launcher start
INFORMATION: Starting JFX game
Mai 29, 2018 9:43:42 PM de.hsa.game.SquirrelGame.proxy.ProxyBot invoke
INFORMATION: locate
Mai 29, 2018 9:43:50 PM de.hsa.game.SquirrelGame.proxy.ProxyBot invoke
INFORMATION: getViewLowerLeft
Mai 29, 2018 9:43:50 PM de.hsa.game.SquirrelGame.proxy.ProxyBot invoke
INFORMATION: getViewUpperRight
Mai 29, 2018 9:43:50 PM de.hsa.game.SquirrelGame.proxy.ProxyBot invoke
INFORMATION: getViewUpperRight
Mai 29, 2018 9:43:50 PM de.hsa.game.SquirrelGame.proxy.ProxyBot invoke
INFORMATION: getViewLowerLeft
Mai 29, 2018 9:43:57 PM de.hsa.game.SquirrelGame.proxy.ProxyBot invoke
INFORMATION: move
Mai 29, 2018 9:44:04 PM de.hsa.game.SquirrelGame.proxy.ProxyBot invoke
INFORMATION: locate
Mai 29, 2018 9:44:05 PM de.hsa.game.SquirrelGame.proxy.ProxyBot invoke
INFORMATION: getViewLowerLeft
Mai 29, 2018 9:44:05 PM de.hsa.game.SquirrelGame.proxy.ProxyBot invoke
INFORMATION: getViewUpperRight
Mai 29, 2018 9:44:05 PM de.hsa.game.SquirrelGame.proxy.ProxyBot invoke
INFORMATION: getViewUpperRight
Mai 29, 2018 9:44:05 PM de.hsa.game.SquirrelGame.proxy.ProxyBot invoke
INFORMATION: getViewLowerLeft
